Using pre-set license
Built from '2020.3/staging' branch; Version is '2020.3.16f1 (049d6eca3c44) revision 302446'; Using compiler version '192528614'; Build Type 'Release'
OS: 'Windows 10 Home; OS build 19042.1348; Version 2009; 64bit' Language: 'en' Physical Memory: 8033 MB
BatchMode: 1, IsHumanControllingUs: 0, StartBugReporterOnCrash: 0, Is64bit: 1, IsPro: 0

 COMMAND LINE ARGUMENTS:
C:\Program Files\Unity\Hub\Editor\2020.3.16f1\Editor\Unity.exe
-adb2
-batchMode
-noUpm
-name
AssetImportWorker1
-projectPath
D:/holbertonschool-unity/0x00-unity_ar_business_card
-logFile
Logs/AssetImportWorker1.log
-srvPort
57268
Successfully changed project path to: D:/holbertonschool-unity/0x00-unity_ar_business_card
D:/holbertonschool-unity/0x00-unity_ar_business_card
Using Asset Import Pipeline V2.
Refreshing native plugins compatible for Editor in 84.08 ms, found 5 plugins.
Plugins: Failed to load 'D:/holbertonschool-unity/0x00-unity_ar_business_card/Library/PackageCache/com.ptc.vuforia.engine@d6eb8dfeec12-1632536113000/Vuforia/Plugins/Windows/x64/FileDriver.dll' because one or more of its dependencies could not be loaded.

Plugins: Failed to load 'D:/holbertonschool-unity/0x00-unity_ar_business_card/Library/PackageCache/com.ptc.vuforia.engine@d6eb8dfeec12-1632536113000/Vuforia/Plugins/Windows/x64/UnityDriver.dll' because one or more of its dependencies could not be loaded.

Preloading 2 native plugins for Editor in 9.62 ms.
Initialize engine version: 2020.3.16f1 (049d6eca3c44)
[Subsystems] Discovering subsystems at path C:/Program Files/Unity/Hub/Editor/2020.3.16f1/Editor/Data/Resources/UnitySubsystems
[Subsystems] Discovering subsystems at path D:/holbertonschool-unity/0x00-unity_ar_business_card/Assets
GfxDevice: creating device client; threaded=0
Direct3D:
    Version:  Direct3D 11.0 [level 11.1]
    Renderer: NVIDIA GeForce GTX 1050 (ID=0x1c91)
    Vendor:   
    VRAM:     2996 MB
    Driver:   27.21.14.6280
Initialize mono
Mono path[0] = 'C:/Program Files/Unity/Hub/Editor/2020.3.16f1/Editor/Data/Managed'
Mono path[1] = 'C:/Program Files/Unity/Hub/Editor/2020.3.16f1/Editor/Data/MonoBleedingEdge/lib/mono/unityjit'
Mono config path = 'C:/Program Files/Unity/Hub/Editor/2020.3.16f1/Editor/Data/MonoBleedingEdge/etc'
Using monoOptions --debugger-agent=transport=dt_socket,embedding=1,server=y,suspend=n,address=127.0.0.1:56904
Begin MonoManager ReloadAssembly
Registering precompiled unity dll's ...
Register platform support module: C:/Program Files/Unity/Hub/Editor/2020.3.16f1/Editor/Data/PlaybackEngines/WebGLSupport/UnityEditor.WebGL.Extensions.dll
Register platform support module: C:/Program Files/Unity/Hub/Editor/2020.3.16f1/Editor/Data/PlaybackEngines/MacStandaloneSupport/UnityEditor.OSXStandalone.Extensions.dll
Register platform support module: C:/Program Files/Unity/Hub/Editor/2020.3.16f1/Editor/Data/PlaybackEngines/WindowsStandaloneSupport/UnityEditor.WindowsStandalone.Extensions.dll
Register platform support module: C:/Program Files/Unity/Hub/Editor/2020.3.16f1/Editor/Data/PlaybackEngines/LinuxStandaloneSupport/UnityEditor.LinuxStandalone.Extensions.dll
Registered in 0.014522 seconds.
Native extension for LinuxStandalone target not found
Native extension for WindowsStandalone target not found
Native extension for OSXStandalone target not found
Native extension for WebGL target not found
Refreshing native plugins compatible for Editor in 80.31 ms, found 5 plugins.
Plugins: Failed to load 'D:/holbertonschool-unity/0x00-unity_ar_business_card/Library/PackageCache/com.ptc.vuforia.engine@d6eb8dfeec12-1632536113000/Vuforia/Plugins/Windows/x64/FileDriver.dll' because one or more of its dependencies could not be loaded.

Plugins: Failed to load 'D:/holbertonschool-unity/0x00-unity_ar_business_card/Library/PackageCache/com.ptc.vuforia.engine@d6eb8dfeec12-1632536113000/Vuforia/Plugins/Windows/x64/UnityDriver.dll' because one or more of its dependencies could not be loaded.

Preloading 2 native plugins for Editor in 9.68 ms.
Mono: successfully reloaded assembly
- Completed reload, in  3.973 seconds
Domain Reload Profiling:
	ReloadAssembly (3974ms)
		BeginReloadAssembly (120ms)
			ExecutionOrderSort (0ms)
			DisableScriptedObjects (0ms)
			BackupInstance (0ms)
			ReleaseScriptingObjects (0ms)
			CreateAndSetChildDomain (2ms)
		EndReloadAssembly (760ms)
			LoadAssemblies (117ms)
			RebuildTransferFunctionScriptingTraits (0ms)
			SetupTypeCache (295ms)
			ReleaseScriptCaches (0ms)
			RebuildScriptCaches (42ms)
			SetupLoadedEditorAssemblies (295ms)
				LogAssemblyErrors (0ms)
				InitializePlatformSupportModulesInManaged (18ms)
				SetLoadedEditorAssemblies (1ms)
				RefreshPlugins (90ms)
				BeforeProcessingInitializeOnLoad (17ms)
				ProcessInitializeOnLoadAttributes (127ms)
				ProcessInitializeOnLoadMethodAttributes (40ms)
				AfterProcessingInitializeOnLoad (0ms)
				EditorAssembliesLoaded (2ms)
			ExecutionOrderSort2 (0ms)
			AwakeInstancesAfterBackupRestoration (0ms)
Platform modules already initialized, skipping
Registering precompiled user dll's ...
Registered in 0.025227 seconds.
Begin MonoManager ReloadAssembly
Native extension for LinuxStandalone target not found
Native extension for WindowsStandalone target not found
Native extension for OSXStandalone target not found
Native extension for WebGL target not found
Refreshing native plugins compatible for Editor in 0.58 ms, found 5 plugins.
Plugins: Failed to load 'D:/holbertonschool-unity/0x00-unity_ar_business_card/Library/PackageCache/com.ptc.vuforia.engine@d6eb8dfeec12-1632536113000/Vuforia/Plugins/Windows/x64/FileDriver.dll' because one or more of its dependencies could not be loaded.

Plugins: Failed to load 'D:/holbertonschool-unity/0x00-unity_ar_business_card/Library/PackageCache/com.ptc.vuforia.engine@d6eb8dfeec12-1632536113000/Vuforia/Plugins/Windows/x64/UnityDriver.dll' because one or more of its dependencies could not be loaded.

Preloading 2 native plugins for Editor in 10.64 ms.
System.NullReferenceException: Object reference not set to an instance of an object
  at Vuforia.EditorClasses.ExtensionTypeProvider.GetVuforiaPackageAbsPath () [0x0004a] in <67f168408fbf4fce9c04342c093e9fe7>:0 
  at Vuforia.EditorClasses.ExtensionTypeProvider.IsPackageManager () [0x00000] in <67f168408fbf4fce9c04342c093e9fe7>:0 
  at Vuforia.EditorClasses.ExtensionTypeProvider.ResolvePluginType () [0x00009] in <67f168408fbf4fce9c04342c093e9fe7>:0 
  at Vuforia.EditorClasses.ExtensionTypeProvider.GetPluginType () [0x0000c] in <67f168408fbf4fce9c04342c093e9fe7>:0 
  at Vuforia.EditorClasses.VuforiaUtilities.IsVuforiaEnabledInPlayerSettings () [0x00000] in <67f168408fbf4fce9c04342c093e9fe7>:0 
  at VuforiaEnabledObserver..cctor () [0x00000] in <67f168408fbf4fce9c04342c093e9fe7>:0 
UnityEngine.StackTraceUtility:ExtractStackTrace ()
UnityEngine.DebugLogHandler:LogFormat (UnityEngine.LogType,UnityEngine.Object,string,object[])
UnityEngine.Logger:Log (UnityEngine.LogType,object)
UnityEngine.Debug:LogError (object)
UnityEditor.EditorAssemblies:ProcessInitializeOnLoadAttributes (System.Type[])

System.NullReferenceException: Object reference not set to an instance of an object
  at Vuforia.EditorClasses.ExtensionTypeProvider.GetVuforiaPackageAbsPath () [0x0004a] in <67f168408fbf4fce9c04342c093e9fe7>:0 
  at Vuforia.EditorClasses.ExtensionTypeProvider.IsPackageManager () [0x00000] in <67f168408fbf4fce9c04342c093e9fe7>:0 
  at Vuforia.EditorClasses.ExtensionTypeProvider.ResolvePluginType () [0x00009] in <67f168408fbf4fce9c04342c093e9fe7>:0 
  at Vuforia.EditorClasses.ExtensionTypeProvider.GetPluginType () [0x0000c] in <67f168408fbf4fce9c04342c093e9fe7>:0 
  at Vuforia.EditorClasses.VuforiaUtilities.IsVuforiaEnabledInPlayerSettings () [0x00000] in <67f168408fbf4fce9c04342c093e9fe7>:0 
  at Vuforia.EditorClasses.InitializeOnLoadVuforiaTaskRunner..cctor () [0x00015] in <67f168408fbf4fce9c04342c093e9fe7>:0 
UnityEngine.StackTraceUtility:ExtractStackTrace ()
UnityEngine.DebugLogHandler:LogFormat (UnityEngine.LogType,UnityEngine.Object,string,object[])
UnityEngine.Logger:Log (UnityEngine.LogType,object)
UnityEngine.Debug:LogError (object)
UnityEditor.EditorAssemblies:ProcessInitializeOnLoadAttributes (System.Type[])

Mono: successfully reloaded assembly
- Completed reload, in  3.371 seconds
Domain Reload Profiling:
	ReloadAssembly (3376ms)
		BeginReloadAssembly (242ms)
			ExecutionOrderSort (0ms)
			DisableScriptedObjects (6ms)
			BackupInstance (0ms)
			ReleaseScriptingObjects (0ms)
			CreateAndSetChildDomain (34ms)
		EndReloadAssembly (2895ms)
			LoadAssemblies (1381ms)
			RebuildTransferFunctionScriptingTraits (0ms)
			SetupTypeCache (544ms)
			ReleaseScriptCaches (1ms)
			RebuildScriptCaches (96ms)
			SetupLoadedEditorAssemblies (714ms)
				LogAssemblyErrors (0ms)
				InitializePlatformSupportModulesInManaged (17ms)
				SetLoadedEditorAssemblies (1ms)
				RefreshPlugins (11ms)
				BeforeProcessingInitializeOnLoad (83ms)
				ProcessInitializeOnLoadAttributes (580ms)
				ProcessInitializeOnLoadMethodAttributes (7ms)
				AfterProcessingInitializeOnLoad (15ms)
				EditorAssembliesLoaded (0ms)
			ExecutionOrderSort2 (0ms)
			AwakeInstancesAfterBackupRestoration (9ms)
Platform modules already initialized, skipping
========================================================================
Worker process is ready to serve import requests
Launched and connected shader compiler UnityShaderCompiler.exe after 0.13 seconds
Refreshing native plugins compatible for Editor in 0.66 ms, found 5 plugins.
Plugins: Failed to load 'D:/holbertonschool-unity/0x00-unity_ar_business_card/Library/PackageCache/com.ptc.vuforia.engine@d6eb8dfeec12-1632536113000/Vuforia/Plugins/Windows/x64/FileDriver.dll' because one or more of its dependencies could not be loaded.

Plugins: Failed to load 'D:/holbertonschool-unity/0x00-unity_ar_business_card/Library/PackageCache/com.ptc.vuforia.engine@d6eb8dfeec12-1632536113000/Vuforia/Plugins/Windows/x64/UnityDriver.dll' because one or more of its dependencies could not be loaded.

Preloading 2 native plugins for Editor in 12.07 ms.
Unloading 1498 Unused Serialized files (Serialized files now loaded: 0)
System memory in use before: 73.4 MB.
System memory in use after: 73.4 MB.

Unloading 46 unused Assets to reduce memory usage. Loaded Objects now: 2197.
Total: 4.758300 ms (FindLiveObjects: 0.489000 ms CreateObjectMapping: 0.193400 ms MarkObjects: 3.946100 ms  DeleteObjects: 0.128100 ms)

AssetImportParameters requested are different than current active one (requested -> active):
  custom:framework-win-MediaFoundation: 216162199b28c13a410421893ffa2e32 -> 
  custom:video-decoder-ogg-theora: a1e56fd34408186e4bbccfd4996cb3dc -> 
  custom:container-muxer-webm: aa71ff27fc2769a1b78a27578f13a17b -> 
  custom:container-demuxer-webm: 4f35f7cbe854078d1ac9338744f61a02 -> 
  custom:container-demuxer-ogg: 62fdf1f143b41e24485cea50d1cbac27 -> 
  custom:video-encoder-webm-vp8: eb34c28f22e8b96e1ab97ce403110664 -> 
  custom:video-codec-MediaFoundation-h265: 746d11721c4dcdbdad8f713fa42b33f4 -> 
  custom:video-decoder-webm-vp8: 9c59270c3fd7afecdb556c50c9e8de78 -> 
  custom:audio-decoder-ogg-vorbis: bf7c407c2cedff20999df2af8eb42d56 -> 
  custom:audio-encoder-webm-vorbis: bf7c407c2cedff20999df2af8eb42d56 -> 
========================================================================
Received Import Request.
  path: Assets/Resources/VuforiaConfiguration.asset
  artifactKey: Guid(f1c3746753ce25045a88ffeb4183ac16) Importer(815301076,1909f56bfc062723c751e8b465ee728b)
Start importing Assets/Resources/VuforiaConfiguration.asset using Guid(f1c3746753ce25045a88ffeb4183ac16) Importer(815301076,1909f56bfc062723c751e8b465ee728b)  -> (artifact id: '782df7e17e62fa965efc701bc2c081ea') in 0.149008 seconds 
  Import took 0.217951 seconds .

========================================================================
Received Import Request.
  Time since last request: 601.878457 seconds.
  path: Assets/AR Card.png
  artifactKey: Guid(2457aa447b281f5499f7a864e6faa23a) Importer(815301076,1909f56bfc062723c751e8b465ee728b)
Start importing Assets/AR Card.png using Guid(2457aa447b281f5499f7a864e6faa23a) Importer(815301076,1909f56bfc062723c751e8b465ee728b)  -> (artifact id: '6f343a176a4d672ab334db11cad545e3') in 0.247114 seconds 
  Import took 0.277911 seconds .

========================================================================
Received Import Request.
  Time since last request: 0.006569 seconds.
  path: Assets/AR Card.png
  artifactKey: Guid(2457aa447b281f5499f7a864e6faa23a) Importer(815301076,1909f56bfc062723c751e8b465ee728b)
Start importing Assets/AR Card.png using Guid(2457aa447b281f5499f7a864e6faa23a) Importer(815301076,1909f56bfc062723c751e8b465ee728b)  -> (artifact id: '6f343a176a4d672ab334db11cad545e3') in 0.053237 seconds 
  Import took 0.081986 seconds .

========================================================================
Received Import Request.
  Time since last request: 13.050750 seconds.
  path: Assets/AR Card.png
  artifactKey: Guid(2457aa447b281f5499f7a864e6faa23a) Importer(815301076,1909f56bfc062723c751e8b465ee728b)
Start importing Assets/AR Card.png using Guid(2457aa447b281f5499f7a864e6faa23a) Importer(815301076,1909f56bfc062723c751e8b465ee728b)  -> (artifact id: '5e9e082d90821169bd81335221aaffab') in 0.229678 seconds 
  Import took 0.354125 seconds .

========================================================================
Received Import Request.
  Time since last request: 0.001896 seconds.
  path: Assets/AR Card.png
  artifactKey: Guid(2457aa447b281f5499f7a864e6faa23a) Importer(815301076,1909f56bfc062723c751e8b465ee728b)
Start importing Assets/AR Card.png using Guid(2457aa447b281f5499f7a864e6faa23a) Importer(815301076,1909f56bfc062723c751e8b465ee728b)  -> (artifact id: '5e9e082d90821169bd81335221aaffab') in 0.037199 seconds 
  Import took 0.044926 seconds .

========================================================================
Received Import Request.
  Time since last request: 2350.629929 seconds.
  path: Assets/logo_twitter.png
  artifactKey: Guid(6bb28806b4d0467499aeb2122ce5ef56) Importer(815301076,1909f56bfc062723c751e8b465ee728b)
Start importing Assets/logo_twitter.png using Guid(6bb28806b4d0467499aeb2122ce5ef56) Importer(815301076,1909f56bfc062723c751e8b465ee728b)  -> (artifact id: '81cbbb622acb323ee4051fcb8c22a570') in 0.282680 seconds 
  Import took 0.412694 seconds .

========================================================================
Received Import Request.
  Time since last request: 123.984066 seconds.
  path: Assets/logo_twitter.png
  artifactKey: Guid(6bb28806b4d0467499aeb2122ce5ef56) Importer(815301076,1909f56bfc062723c751e8b465ee728b)
Start importing Assets/logo_twitter.png using Guid(6bb28806b4d0467499aeb2122ce5ef56) Importer(815301076,1909f56bfc062723c751e8b465ee728b)  -> (artifact id: '6c57395dca5f85a3822a44a5d8175251') in 0.104231 seconds 
  Import took 0.169805 seconds .

========================================================================
Received Prepare
Registering precompiled user dll's ...
Registered in 0.805298 seconds.
Begin MonoManager ReloadAssembly
Native extension for LinuxStandalone target not found
Native extension for WindowsStandalone target not found
Native extension for OSXStandalone target not found
Native extension for WebGL target not found
Refreshing native plugins compatible for Editor in 1.40 ms, found 5 plugins.
Plugins: Failed to load 'D:/holbertonschool-unity/0x00-unity_ar_business_card/Library/PackageCache/com.ptc.vuforia.engine@d6eb8dfeec12-1632536113000/Vuforia/Plugins/Windows/x64/FileDriver.dll' because one or more of its dependencies could not be loaded.

Plugins: Failed to load 'D:/holbertonschool-unity/0x00-unity_ar_business_card/Library/PackageCache/com.ptc.vuforia.engine@d6eb8dfeec12-1632536113000/Vuforia/Plugins/Windows/x64/UnityDriver.dll' because one or more of its dependencies could not be loaded.

Preloading 2 native plugins for Editor in 12.05 ms.
System.NullReferenceException: Object reference not set to an instance of an object
  at Vuforia.EditorClasses.ExtensionTypeProvider.GetVuforiaPackageAbsPath () [0x0004a] in <67f168408fbf4fce9c04342c093e9fe7>:0 
  at Vuforia.EditorClasses.ExtensionTypeProvider.IsPackageManager () [0x00000] in <67f168408fbf4fce9c04342c093e9fe7>:0 
  at Vuforia.EditorClasses.ExtensionTypeProvider.ResolvePluginType () [0x00009] in <67f168408fbf4fce9c04342c093e9fe7>:0 
  at Vuforia.EditorClasses.ExtensionTypeProvider.GetPluginType () [0x0000c] in <67f168408fbf4fce9c04342c093e9fe7>:0 
  at Vuforia.EditorClasses.VuforiaUtilities.IsVuforiaEnabledInPlayerSettings () [0x00000] in <67f168408fbf4fce9c04342c093e9fe7>:0 
  at VuforiaEnabledObserver..cctor () [0x00000] in <67f168408fbf4fce9c04342c093e9fe7>:0 
UnityEngine.StackTraceUtility:ExtractStackTrace ()
UnityEngine.DebugLogHandler:LogFormat (UnityEngine.LogType,UnityEngine.Object,string,object[])
UnityEngine.Logger:Log (UnityEngine.LogType,object)
UnityEngine.Debug:LogError (object)
UnityEditor.EditorAssemblies:ProcessInitializeOnLoadAttributes (System.Type[])

System.NullReferenceException: Object reference not set to an instance of an object
  at Vuforia.EditorClasses.ExtensionTypeProvider.GetVuforiaPackageAbsPath () [0x0004a] in <67f168408fbf4fce9c04342c093e9fe7>:0 
  at Vuforia.EditorClasses.ExtensionTypeProvider.IsPackageManager () [0x00000] in <67f168408fbf4fce9c04342c093e9fe7>:0 
  at Vuforia.EditorClasses.ExtensionTypeProvider.ResolvePluginType () [0x00009] in <67f168408fbf4fce9c04342c093e9fe7>:0 
  at Vuforia.EditorClasses.ExtensionTypeProvider.GetPluginType () [0x0000c] in <67f168408fbf4fce9c04342c093e9fe7>:0 
  at Vuforia.EditorClasses.VuforiaUtilities.IsVuforiaEnabledInPlayerSettings () [0x00000] in <67f168408fbf4fce9c04342c093e9fe7>:0 
  at Vuforia.EditorClasses.InitializeOnLoadVuforiaTaskRunner..cctor () [0x00015] in <67f168408fbf4fce9c04342c093e9fe7>:0 
UnityEngine.StackTraceUtility:ExtractStackTrace ()
UnityEngine.DebugLogHandler:LogFormat (UnityEngine.LogType,UnityEngine.Object,string,object[])
UnityEngine.Logger:Log (UnityEngine.LogType,object)
UnityEngine.Debug:LogError (object)
UnityEditor.EditorAssemblies:ProcessInitializeOnLoadAttributes (System.Type[])

Mono: successfully reloaded assembly
- Completed reload, in  3.366 seconds
Domain Reload Profiling:
	ReloadAssembly (3372ms)
		BeginReloadAssembly (855ms)
			ExecutionOrderSort (0ms)
			DisableScriptedObjects (67ms)
			BackupInstance (0ms)
			ReleaseScriptingObjects (0ms)
			CreateAndSetChildDomain (504ms)
		EndReloadAssembly (2364ms)
			LoadAssemblies (275ms)
			RebuildTransferFunctionScriptingTraits (0ms)
			SetupTypeCache (591ms)
			ReleaseScriptCaches (1ms)
			RebuildScriptCaches (68ms)
			SetupLoadedEditorAssemblies (1306ms)
				LogAssemblyErrors (0ms)
				InitializePlatformSupportModulesInManaged (20ms)
				SetLoadedEditorAssemblies (2ms)
				RefreshPlugins (14ms)
				BeforeProcessingInitializeOnLoad (143ms)
				ProcessInitializeOnLoadAttributes (1103ms)
				ProcessInitializeOnLoadMethodAttributes (8ms)
				AfterProcessingInitializeOnLoad (18ms)
				EditorAssembliesLoaded (1ms)
			ExecutionOrderSort2 (0ms)
			AwakeInstancesAfterBackupRestoration (11ms)
Platform modules already initialized, skipping
Refreshing native plugins compatible for Editor in 1.72 ms, found 5 plugins.
Plugins: Failed to load 'D:/holbertonschool-unity/0x00-unity_ar_business_card/Library/PackageCache/com.ptc.vuforia.engine@d6eb8dfeec12-1632536113000/Vuforia/Plugins/Windows/x64/FileDriver.dll' because one or more of its dependencies could not be loaded.

Plugins: Failed to load 'D:/holbertonschool-unity/0x00-unity_ar_business_card/Library/PackageCache/com.ptc.vuforia.engine@d6eb8dfeec12-1632536113000/Vuforia/Plugins/Windows/x64/UnityDriver.dll' because one or more of its dependencies could not be loaded.

Preloading 2 native plugins for Editor in 26.50 ms.
Unloading 1504 Unused Serialized files (Serialized files now loaded: 0)
System memory in use before: 72.1 MB.
System memory in use after: 72.2 MB.

Unloading 41 unused Assets to reduce memory usage. Loaded Objects now: 2236.
Total: 5.276300 ms (FindLiveObjects: 0.266200 ms CreateObjectMapping: 0.124300 ms MarkObjects: 4.834600 ms  DeleteObjects: 0.048500 ms)

AssetImportParameters requested are different than current active one (requested -> active):
  custom:framework-win-MediaFoundation: 216162199b28c13a410421893ffa2e32 -> 
  custom:video-decoder-ogg-theora: a1e56fd34408186e4bbccfd4996cb3dc -> 
  custom:container-muxer-webm: aa71ff27fc2769a1b78a27578f13a17b -> 
  custom:container-demuxer-webm: 4f35f7cbe854078d1ac9338744f61a02 -> 
  custom:container-demuxer-ogg: 62fdf1f143b41e24485cea50d1cbac27 -> 
  custom:video-encoder-webm-vp8: eb34c28f22e8b96e1ab97ce403110664 -> 
  custom:video-codec-MediaFoundation-h265: 746d11721c4dcdbdad8f713fa42b33f4 -> 
  custom:video-decoder-webm-vp8: 9c59270c3fd7afecdb556c50c9e8de78 -> 
  custom:audio-decoder-ogg-vorbis: bf7c407c2cedff20999df2af8eb42d56 -> 
  custom:audio-encoder-webm-vorbis: bf7c407c2cedff20999df2af8eb42d56 -> 
========================================================================
Received Import Request.
  Time since last request: 316.478393 seconds.
  path: Assets/logo_twitter.png
  artifactKey: Guid(6bb28806b4d0467499aeb2122ce5ef56) Importer(815301076,1909f56bfc062723c751e8b465ee728b)
Start importing Assets/logo_twitter.png using Guid(6bb28806b4d0467499aeb2122ce5ef56) Importer(815301076,1909f56bfc062723c751e8b465ee728b)  -> (artifact id: '25f8579a6ab76c1ed4735c6e7a776a5e') in 0.423060 seconds 
  Import took 0.432065 seconds .

========================================================================
Received Import Request.
  Time since last request: 386.938625 seconds.
  path: Assets/Resources/VuforiaConfiguration.asset
  artifactKey: Guid(f1c3746753ce25045a88ffeb4183ac16) Importer(815301076,1909f56bfc062723c751e8b465ee728b)
Start importing Assets/Resources/VuforiaConfiguration.asset using Guid(f1c3746753ce25045a88ffeb4183ac16) Importer(815301076,1909f56bfc062723c751e8b465ee728b)  -> (artifact id: 'a801c6318d7a3b040563f54d93202f58') in 0.095706 seconds 
  Import took 0.333428 seconds .

========================================================================
Received Prepare
Registering precompiled user dll's ...
Registered in 0.406683 seconds.
Begin MonoManager ReloadAssembly
Native extension for LinuxStandalone target not found
Native extension for WindowsStandalone target not found
Native extension for OSXStandalone target not found
Native extension for WebGL target not found
Refreshing native plugins compatible for Editor in 1.38 ms, found 5 plugins.
Plugins: Failed to load 'D:/holbertonschool-unity/0x00-unity_ar_business_card/Library/PackageCache/com.ptc.vuforia.engine@d6eb8dfeec12-1632536113000/Vuforia/Plugins/Windows/x64/FileDriver.dll' because one or more of its dependencies could not be loaded.

Plugins: Failed to load 'D:/holbertonschool-unity/0x00-unity_ar_business_card/Library/PackageCache/com.ptc.vuforia.engine@d6eb8dfeec12-1632536113000/Vuforia/Plugins/Windows/x64/UnityDriver.dll' because one or more of its dependencies could not be loaded.

Preloading 2 native plugins for Editor in 11.57 ms.
System.NullReferenceException: Object reference not set to an instance of an object
  at Vuforia.EditorClasses.ExtensionTypeProvider.GetVuforiaPackageAbsPath () [0x0004a] in <67f168408fbf4fce9c04342c093e9fe7>:0 
  at Vuforia.EditorClasses.ExtensionTypeProvider.IsPackageManager () [0x00000] in <67f168408fbf4fce9c04342c093e9fe7>:0 
  at Vuforia.EditorClasses.ExtensionTypeProvider.ResolvePluginType () [0x00009] in <67f168408fbf4fce9c04342c093e9fe7>:0 
  at Vuforia.EditorClasses.ExtensionTypeProvider.GetPluginType () [0x0000c] in <67f168408fbf4fce9c04342c093e9fe7>:0 
  at Vuforia.EditorClasses.VuforiaUtilities.IsVuforiaEnabledInPlayerSettings () [0x00000] in <67f168408fbf4fce9c04342c093e9fe7>:0 
  at VuforiaEnabledObserver..cctor () [0x00000] in <67f168408fbf4fce9c04342c093e9fe7>:0 
UnityEngine.StackTraceUtility:ExtractStackTrace ()
UnityEngine.DebugLogHandler:LogFormat (UnityEngine.LogType,UnityEngine.Object,string,object[])
UnityEngine.Logger:Log (UnityEngine.LogType,object)
UnityEngine.Debug:LogError (object)
UnityEditor.EditorAssemblies:ProcessInitializeOnLoadAttributes (System.Type[])

System.NullReferenceException: Object reference not set to an instance of an object
  at Vuforia.EditorClasses.ExtensionTypeProvider.GetVuforiaPackageAbsPath () [0x0004a] in <67f168408fbf4fce9c04342c093e9fe7>:0 
  at Vuforia.EditorClasses.ExtensionTypeProvider.IsPackageManager () [0x00000] in <67f168408fbf4fce9c04342c093e9fe7>:0 
  at Vuforia.EditorClasses.ExtensionTypeProvider.ResolvePluginType () [0x00009] in <67f168408fbf4fce9c04342c093e9fe7>:0 
  at Vuforia.EditorClasses.ExtensionTypeProvider.GetPluginType () [0x0000c] in <67f168408fbf4fce9c04342c093e9fe7>:0 
  at Vuforia.EditorClasses.VuforiaUtilities.IsVuforiaEnabledInPlayerSettings () [0x00000] in <67f168408fbf4fce9c04342c093e9fe7>:0 
  at Vuforia.EditorClasses.InitializeOnLoadVuforiaTaskRunner..cctor () [0x00015] in <67f168408fbf4fce9c04342c093e9fe7>:0 
UnityEngine.StackTraceUtility:ExtractStackTrace ()
UnityEngine.DebugLogHandler:LogFormat (UnityEngine.LogType,UnityEngine.Object,string,object[])
UnityEngine.Logger:Log (UnityEngine.LogType,object)
UnityEngine.Debug:LogError (object)
UnityEditor.EditorAssemblies:ProcessInitializeOnLoadAttributes (System.Type[])

Mono: successfully reloaded assembly
- Completed reload, in  2.582 seconds
Domain Reload Profiling:
	ReloadAssembly (2598ms)
		BeginReloadAssembly (647ms)
			ExecutionOrderSort (0ms)
			DisableScriptedObjects (50ms)
			BackupInstance (0ms)
			ReleaseScriptingObjects (0ms)
			CreateAndSetChildDomain (329ms)
		EndReloadAssembly (1783ms)
			LoadAssemblies (232ms)
			RebuildTransferFunctionScriptingTraits (1ms)
			SetupTypeCache (600ms)
			ReleaseScriptCaches (4ms)
			RebuildScriptCaches (63ms)
			SetupLoadedEditorAssemblies (699ms)
				LogAssemblyErrors (0ms)
				InitializePlatformSupportModulesInManaged (20ms)
				SetLoadedEditorAssemblies (2ms)
				RefreshPlugins (13ms)
				BeforeProcessingInitializeOnLoad (106ms)
				ProcessInitializeOnLoadAttributes (518ms)
				ProcessInitializeOnLoadMethodAttributes (5ms)
				AfterProcessingInitializeOnLoad (33ms)
				EditorAssembliesLoaded (1ms)
			ExecutionOrderSort2 (0ms)
			AwakeInstancesAfterBackupRestoration (14ms)
Platform modules already initialized, skipping
Refreshing native plugins compatible for Editor in 1.80 ms, found 5 plugins.
Plugins: Failed to load 'D:/holbertonschool-unity/0x00-unity_ar_business_card/Library/PackageCache/com.ptc.vuforia.engine@d6eb8dfeec12-1632536113000/Vuforia/Plugins/Windows/x64/FileDriver.dll' because one or more of its dependencies could not be loaded.

Plugins: Failed to load 'D:/holbertonschool-unity/0x00-unity_ar_business_card/Library/PackageCache/com.ptc.vuforia.engine@d6eb8dfeec12-1632536113000/Vuforia/Plugins/Windows/x64/UnityDriver.dll' because one or more of its dependencies could not be loaded.

Preloading 2 native plugins for Editor in 22.56 ms.
Unloading 1581 Unused Serialized files (Serialized files now loaded: 0)
System memory in use before: 77.7 MB.
System memory in use after: 77.8 MB.

Unloading 41 unused Assets to reduce memory usage. Loaded Objects now: 2327.
Total: 3.974700 ms (FindLiveObjects: 0.250400 ms CreateObjectMapping: 0.085700 ms MarkObjects: 3.595400 ms  DeleteObjects: 0.041200 ms)

AssetImportParameters requested are different than current active one (requested -> active):
  custom:framework-win-MediaFoundation: 216162199b28c13a410421893ffa2e32 -> 
  custom:video-decoder-ogg-theora: a1e56fd34408186e4bbccfd4996cb3dc -> 
  custom:container-muxer-webm: aa71ff27fc2769a1b78a27578f13a17b -> 
  custom:container-demuxer-webm: 4f35f7cbe854078d1ac9338744f61a02 -> 
  custom:container-demuxer-ogg: 62fdf1f143b41e24485cea50d1cbac27 -> 
  custom:video-encoder-webm-vp8: eb34c28f22e8b96e1ab97ce403110664 -> 
  custom:video-codec-MediaFoundation-h265: 746d11721c4dcdbdad8f713fa42b33f4 -> 
  custom:video-decoder-webm-vp8: 9c59270c3fd7afecdb556c50c9e8de78 -> 
  custom:audio-decoder-ogg-vorbis: bf7c407c2cedff20999df2af8eb42d56 -> 
  custom:audio-encoder-webm-vorbis: bf7c407c2cedff20999df2af8eb42d56 -> 
========================================================================
Received Import Request.
  Time since last request: 805.505238 seconds.
  path: Assets/Linkedin_logo.png
  artifactKey: Guid(0b1890f1a9e4f2346a8ab0637b23519e) Importer(815301076,1909f56bfc062723c751e8b465ee728b)
Start importing Assets/Linkedin_logo.png using Guid(0b1890f1a9e4f2346a8ab0637b23519e) Importer(815301076,1909f56bfc062723c751e8b465ee728b)  -> (artifact id: 'b1bdc29ae3bf89e058f9cda502f55254') in 0.920751 seconds 
  Import took 0.994635 seconds .

========================================================================
Received Import Request.
  Time since last request: 10.443536 seconds.
  path: Assets/Linkedin_logo.png
  artifactKey: Guid(0b1890f1a9e4f2346a8ab0637b23519e) Importer(815301076,1909f56bfc062723c751e8b465ee728b)
Start importing Assets/Linkedin_logo.png using Guid(0b1890f1a9e4f2346a8ab0637b23519e) Importer(815301076,1909f56bfc062723c751e8b465ee728b)  -> (artifact id: '4b2223efe748d2ee631b7f0f1882e858') in 0.101301 seconds 
  Import took 0.106624 seconds .

========================================================================
Received Import Request.
  Time since last request: 188.563024 seconds.
  path: Assets/Linkedin-variations.png
  artifactKey: Guid(20ef22c888babf14b9539c57ede03bc6) Importer(815301076,1909f56bfc062723c751e8b465ee728b)
Start importing Assets/Linkedin-variations.png using Guid(20ef22c888babf14b9539c57ede03bc6) Importer(815301076,1909f56bfc062723c751e8b465ee728b)  -> (artifact id: '37cada4b72728c0513b429b4c00b0c6c') in 0.131166 seconds 
  Import took 0.194505 seconds .

========================================================================
Received Import Request.
  Time since last request: 9.410412 seconds.
  path: Assets/Linkedin-variations.png
  artifactKey: Guid(20ef22c888babf14b9539c57ede03bc6) Importer(815301076,1909f56bfc062723c751e8b465ee728b)
Start importing Assets/Linkedin-variations.png using Guid(20ef22c888babf14b9539c57ede03bc6) Importer(815301076,1909f56bfc062723c751e8b465ee728b)  -> (artifact id: 'da528bc5273ad8b247c658c3e4f03297') in 0.054628 seconds 
  Import took 0.103240 seconds .

========================================================================
Received Import Request.
  Time since last request: 17.493820 seconds.
  path: Assets/Linkedin-variations.png
  artifactKey: Guid(20ef22c888babf14b9539c57ede03bc6) Importer(815301076,1909f56bfc062723c751e8b465ee728b)
Start importing Assets/Linkedin-variations.png using Guid(20ef22c888babf14b9539c57ede03bc6) Importer(815301076,1909f56bfc062723c751e8b465ee728b)  -> (artifact id: 'd0d6f9ad601a666ae8ee3b3ae3b6bef9') in 0.040486 seconds 
  Import took 0.075120 seconds .

========================================================================
Received Import Request.
  Time since last request: 40.726234 seconds.
  path: Assets/Linkedin-variations.png
  artifactKey: Guid(20ef22c888babf14b9539c57ede03bc6) Importer(815301076,1909f56bfc062723c751e8b465ee728b)
Start importing Assets/Linkedin-variations.png using Guid(20ef22c888babf14b9539c57ede03bc6) Importer(815301076,1909f56bfc062723c751e8b465ee728b)  -> (artifact id: '0154526bd1b3d393a920b635b79b8bc1') in 0.093794 seconds 
  Import took 0.120512 seconds .

========================================================================
Received Import Request.
  Time since last request: 45.714124 seconds.
  path: Assets/Linkedin-variations.png
  artifactKey: Guid(20ef22c888babf14b9539c57ede03bc6) Importer(815301076,1909f56bfc062723c751e8b465ee728b)
Start importing Assets/Linkedin-variations.png using Guid(20ef22c888babf14b9539c57ede03bc6) Importer(815301076,1909f56bfc062723c751e8b465ee728b)  -> (artifact id: '6550e16ff12925d0e8041774076dc0ab') in 0.368955 seconds 
  Import took 0.570639 seconds .

========================================================================
Received Import Request.
  Time since last request: 38.968051 seconds.
  path: Assets/Linkedin-variations.png
  artifactKey: Guid(20ef22c888babf14b9539c57ede03bc6) Importer(815301076,1909f56bfc062723c751e8b465ee728b)
Start importing Assets/Linkedin-variations.png using Guid(20ef22c888babf14b9539c57ede03bc6) Importer(815301076,1909f56bfc062723c751e8b465ee728b)  -> (artifact id: 'e303fe7384f8806e8fce9de2cdefc0be') in 0.178553 seconds 
  Import took 0.205494 seconds .

========================================================================
Received Import Request.
  Time since last request: 50.806945 seconds.
  path: Assets/Linkedin-variations.png
  artifactKey: Guid(20ef22c888babf14b9539c57ede03bc6) Importer(815301076,1909f56bfc062723c751e8b465ee728b)
Start importing Assets/Linkedin-variations.png using Guid(20ef22c888babf14b9539c57ede03bc6) Importer(815301076,1909f56bfc062723c751e8b465ee728b)  -> (artifact id: '5bfbcb053cb199db7bfb29ff0576a8b4') in 0.144493 seconds 
  Import took 0.183775 seconds .

========================================================================
Received Import Request.
  Time since last request: 31.866928 seconds.
  path: Assets/Linkedin-variations.png
  artifactKey: Guid(20ef22c888babf14b9539c57ede03bc6) Importer(815301076,1909f56bfc062723c751e8b465ee728b)
Start importing Assets/Linkedin-variations.png using Guid(20ef22c888babf14b9539c57ede03bc6) Importer(815301076,1909f56bfc062723c751e8b465ee728b)  -> (artifact id: '9b4e7803a8c367d5d7b86a52c9e05548') in 0.198495 seconds 
  Import took 0.255171 seconds .

========================================================================
Received Import Request.
  Time since last request: 12.415671 seconds.
  path: Assets/Linkedin-variations.png
  artifactKey: Guid(20ef22c888babf14b9539c57ede03bc6) Importer(815301076,1909f56bfc062723c751e8b465ee728b)
Start importing Assets/Linkedin-variations.png using Guid(20ef22c888babf14b9539c57ede03bc6) Importer(815301076,1909f56bfc062723c751e8b465ee728b)  -> (artifact id: 'c485a3c8905450668a8ae25da39173e9') in 0.124598 seconds 
  Import took 0.147367 seconds .

========================================================================
Received Import Request.
  Time since last request: 13.187278 seconds.
  path: Assets/Linkedin-variations.png
  artifactKey: Guid(20ef22c888babf14b9539c57ede03bc6) Importer(815301076,1909f56bfc062723c751e8b465ee728b)
Start importing Assets/Linkedin-variations.png using Guid(20ef22c888babf14b9539c57ede03bc6) Importer(815301076,1909f56bfc062723c751e8b465ee728b)  -> (artifact id: '7ad7c8b17eb04c561c2a934109d519fc') in 0.123522 seconds 
  Import took 0.176957 seconds .

========================================================================
Received Import Request.
  Time since last request: 32.531007 seconds.
  path: Assets/Linkedin-variations.png
  artifactKey: Guid(20ef22c888babf14b9539c57ede03bc6) Importer(815301076,1909f56bfc062723c751e8b465ee728b)
Start importing Assets/Linkedin-variations.png using Guid(20ef22c888babf14b9539c57ede03bc6) Importer(815301076,1909f56bfc062723c751e8b465ee728b)  -> (artifact id: '89719165990d98ccd682fa8b027272f6') in 0.214911 seconds 
  Import took 0.242621 seconds .

========================================================================
Received Import Request.
  Time since last request: 146.483729 seconds.
  path: Assets/GitHub-logo.png
  artifactKey: Guid(7e8b2088ed738ac47bb485ea10a37d41) Importer(815301076,1909f56bfc062723c751e8b465ee728b)
Start importing Assets/GitHub-logo.png using Guid(7e8b2088ed738ac47bb485ea10a37d41) Importer(815301076,1909f56bfc062723c751e8b465ee728b)  -> (artifact id: '3b20cef868b8f9975d4c352e599791ae') in 0.390781 seconds 
  Import took 0.797204 seconds .

========================================================================
Received Import Request.
  Time since last request: 8.166767 seconds.
  path: Assets/GitHub-logo.png
  artifactKey: Guid(7e8b2088ed738ac47bb485ea10a37d41) Importer(815301076,1909f56bfc062723c751e8b465ee728b)
Start importing Assets/GitHub-logo.png using Guid(7e8b2088ed738ac47bb485ea10a37d41) Importer(815301076,1909f56bfc062723c751e8b465ee728b)  -> (artifact id: 'f8d0fc9b3fb579b3c65cc7532fc1b7e0') in 0.272054 seconds 
  Import took 0.323955 seconds .

========================================================================
Received Import Request.
  Time since last request: 127.978473 seconds.
  path: Assets/Email_logo.png
  artifactKey: Guid(8a4ff44b5ee45c14f931eb16fc69d10d) Importer(815301076,1909f56bfc062723c751e8b465ee728b)
Start importing Assets/Email_logo.png using Guid(8a4ff44b5ee45c14f931eb16fc69d10d) Importer(815301076,1909f56bfc062723c751e8b465ee728b)  -> (artifact id: '1c4d2547f82718c20915be0f1d20c30b') in 0.167638 seconds 
  Import took 0.176083 seconds .

========================================================================
Received Import Request.
  Time since last request: 7.262654 seconds.
  path: Assets/Email_logo.png
  artifactKey: Guid(8a4ff44b5ee45c14f931eb16fc69d10d) Importer(815301076,1909f56bfc062723c751e8b465ee728b)
Start importing Assets/Email_logo.png using Guid(8a4ff44b5ee45c14f931eb16fc69d10d) Importer(815301076,1909f56bfc062723c751e8b465ee728b)  -> (artifact id: '38d7b294b47f98da0e3b5e0e357d0272') in 0.257101 seconds 
  Import took 0.406549 seconds .

========================================================================
Received Prepare
Registering precompiled user dll's ...
Registered in 2.679395 seconds.
Begin MonoManager ReloadAssembly
Native extension for LinuxStandalone target not found
Native extension for WindowsStandalone target not found
Native extension for OSXStandalone target not found
Native extension for WebGL target not found
Refreshing native plugins compatible for Editor in 13.23 ms, found 5 plugins.
Plugins: Failed to load 'D:/holbertonschool-unity/0x00-unity_ar_business_card/Library/PackageCache/com.ptc.vuforia.engine@d6eb8dfeec12-1632536113000/Vuforia/Plugins/Windows/x64/FileDriver.dll' because one or more of its dependencies could not be loaded.

Plugins: Failed to load 'D:/holbertonschool-unity/0x00-unity_ar_business_card/Library/PackageCache/com.ptc.vuforia.engine@d6eb8dfeec12-1632536113000/Vuforia/Plugins/Windows/x64/UnityDriver.dll' because one or more of its dependencies could not be loaded.

Preloading 2 native plugins for Editor in 33.75 ms.
System.NullReferenceException: Object reference not set to an instance of an object
  at Vuforia.EditorClasses.ExtensionTypeProvider.GetVuforiaPackageAbsPath () [0x0004a] in <67f168408fbf4fce9c04342c093e9fe7>:0 
  at Vuforia.EditorClasses.ExtensionTypeProvider.IsPackageManager () [0x00000] in <67f168408fbf4fce9c04342c093e9fe7>:0 
  at Vuforia.EditorClasses.ExtensionTypeProvider.ResolvePluginType () [0x00009] in <67f168408fbf4fce9c04342c093e9fe7>:0 
  at Vuforia.EditorClasses.ExtensionTypeProvider.GetPluginType () [0x0000c] in <67f168408fbf4fce9c04342c093e9fe7>:0 
  at Vuforia.EditorClasses.VuforiaUtilities.IsVuforiaEnabledInPlayerSettings () [0x00000] in <67f168408fbf4fce9c04342c093e9fe7>:0 
  at VuforiaEnabledObserver..cctor () [0x00000] in <67f168408fbf4fce9c04342c093e9fe7>:0 
UnityEngine.StackTraceUtility:ExtractStackTrace ()
UnityEngine.DebugLogHandler:LogFormat (UnityEngine.LogType,UnityEngine.Object,string,object[])
UnityEngine.Logger:Log (UnityEngine.LogType,object)
UnityEngine.Debug:LogError (object)
UnityEditor.EditorAssemblies:ProcessInitializeOnLoadAttributes (System.Type[])

System.NullReferenceException: Object reference not set to an instance of an object
  at Vuforia.EditorClasses.ExtensionTypeProvider.GetVuforiaPackageAbsPath () [0x0004a] in <67f168408fbf4fce9c04342c093e9fe7>:0 
  at Vuforia.EditorClasses.ExtensionTypeProvider.IsPackageManager () [0x00000] in <67f168408fbf4fce9c04342c093e9fe7>:0 
  at Vuforia.EditorClasses.ExtensionTypeProvider.ResolvePluginType () [0x00009] in <67f168408fbf4fce9c04342c093e9fe7>:0 
  at Vuforia.EditorClasses.ExtensionTypeProvider.GetPluginType () [0x0000c] in <67f168408fbf4fce9c04342c093e9fe7>:0 
  at Vuforia.EditorClasses.VuforiaUtilities.IsVuforiaEnabledInPlayerSettings () [0x00000] in <67f168408fbf4fce9c04342c093e9fe7>:0 
  at Vuforia.EditorClasses.InitializeOnLoadVuforiaTaskRunner..cctor () [0x00015] in <67f168408fbf4fce9c04342c093e9fe7>:0 
UnityEngine.StackTraceUtility:ExtractStackTrace ()
UnityEngine.DebugLogHandler:LogFormat (UnityEngine.LogType,UnityEngine.Object,string,object[])
UnityEngine.Logger:Log (UnityEngine.LogType,object)
UnityEngine.Debug:LogError (object)
UnityEditor.EditorAssemblies:ProcessInitializeOnLoadAttributes (System.Type[])

Mono: successfully reloaded assembly
- Completed reload, in 11.829 seconds
Domain Reload Profiling:
	ReloadAssembly (11915ms)
		BeginReloadAssembly (2399ms)
			ExecutionOrderSort (1ms)
			DisableScriptedObjects (202ms)
			BackupInstance (0ms)
			ReleaseScriptingObjects (1ms)
			CreateAndSetChildDomain (1135ms)
		EndReloadAssembly (8977ms)
			LoadAssemblies (3045ms)
			RebuildTransferFunctionScriptingTraits (1ms)
			SetupTypeCache (2221ms)
			ReleaseScriptCaches (2ms)
			RebuildScriptCaches (341ms)
			SetupLoadedEditorAssemblies (2997ms)
				LogAssemblyErrors (0ms)
				InitializePlatformSupportModulesInManaged (42ms)
				SetLoadedEditorAssemblies (3ms)
				RefreshPlugins (48ms)
				BeforeProcessingInitializeOnLoad (284ms)
				ProcessInitializeOnLoadAttributes (2507ms)
				ProcessInitializeOnLoadMethodAttributes (37ms)
				AfterProcessingInitializeOnLoad (75ms)
				EditorAssembliesLoaded (2ms)
			ExecutionOrderSort2 (0ms)
			AwakeInstancesAfterBackupRestoration (96ms)
Platform modules already initialized, skipping
Refreshing native plugins compatible for Editor in 4.85 ms, found 5 plugins.
Plugins: Failed to load 'D:/holbertonschool-unity/0x00-unity_ar_business_card/Library/PackageCache/com.ptc.vuforia.engine@d6eb8dfeec12-1632536113000/Vuforia/Plugins/Windows/x64/FileDriver.dll' because one or more of its dependencies could not be loaded.

Plugins: Failed to load 'D:/holbertonschool-unity/0x00-unity_ar_business_card/Library/PackageCache/com.ptc.vuforia.engine@d6eb8dfeec12-1632536113000/Vuforia/Plugins/Windows/x64/UnityDriver.dll' because one or more of its dependencies could not be loaded.

Preloading 2 native plugins for Editor in 55.29 ms.
Unloading 1618 Unused Serialized files (Serialized files now loaded: 0)
System memory in use before: 79.4 MB.
System memory in use after: 79.0 MB.

Unloading 44 unused Assets to reduce memory usage. Loaded Objects now: 2388.
Total: 46.419400 ms (FindLiveObjects: 0.823400 ms CreateObjectMapping: 0.151900 ms MarkObjects: 40.430900 ms  DeleteObjects: 5.004200 ms)

AssetImportParameters requested are different than current active one (requested -> active):
  custom:framework-win-MediaFoundation: 216162199b28c13a410421893ffa2e32 -> 
  custom:video-decoder-ogg-theora: a1e56fd34408186e4bbccfd4996cb3dc -> 
  custom:container-muxer-webm: aa71ff27fc2769a1b78a27578f13a17b -> 
  custom:container-demuxer-webm: 4f35f7cbe854078d1ac9338744f61a02 -> 
  custom:container-demuxer-ogg: 62fdf1f143b41e24485cea50d1cbac27 -> 
  custom:video-encoder-webm-vp8: eb34c28f22e8b96e1ab97ce403110664 -> 
  custom:video-codec-MediaFoundation-h265: 746d11721c4dcdbdad8f713fa42b33f4 -> 
  custom:video-decoder-webm-vp8: 9c59270c3fd7afecdb556c50c9e8de78 -> 
  custom:audio-decoder-ogg-vorbis: bf7c407c2cedff20999df2af8eb42d56 -> 
  custom:audio-encoder-webm-vorbis: bf7c407c2cedff20999df2af8eb42d56 -> 
