Using pre-set license
Built from '2020.3/staging' branch; Version is '2020.3.16f1 (049d6eca3c44) revision 302446'; Using compiler version '192528614'; Build Type 'Release'
OS: 'Windows 10 Home; OS build 19042.1348; Version 2009; 64bit' Language: 'en' Physical Memory: 8033 MB
BatchMode: 1, IsHumanControllingUs: 0, StartBugReporterOnCrash: 0, Is64bit: 1, IsPro: 0

 COMMAND LINE ARGUMENTS:
C:\Program Files\Unity\Hub\Editor\2020.3.16f1\Editor\Unity.exe
-adb2
-batchMode
-noUpm
-name
AssetImportWorker0
-projectPath
D:/holbertonschool-unity/0x00-unity_ar_business_card
-logFile
Logs/AssetImportWorker0.log
-srvPort
57268
Successfully changed project path to: D:/holbertonschool-unity/0x00-unity_ar_business_card
D:/holbertonschool-unity/0x00-unity_ar_business_card
Using Asset Import Pipeline V2.
Refreshing native plugins compatible for Editor in 978.52 ms, found 5 plugins.
Plugins: Failed to load 'D:/holbertonschool-unity/0x00-unity_ar_business_card/Library/PackageCache/com.ptc.vuforia.engine@d6eb8dfeec12-1632536113000/Vuforia/Plugins/Windows/x64/FileDriver.dll' because one or more of its dependencies could not be loaded.

Plugins: Failed to load 'D:/holbertonschool-unity/0x00-unity_ar_business_card/Library/PackageCache/com.ptc.vuforia.engine@d6eb8dfeec12-1632536113000/Vuforia/Plugins/Windows/x64/UnityDriver.dll' because one or more of its dependencies could not be loaded.

Preloading 2 native plugins for Editor in 21.46 ms.
Initialize engine version: 2020.3.16f1 (049d6eca3c44)
[Subsystems] Discovering subsystems at path C:/Program Files/Unity/Hub/Editor/2020.3.16f1/Editor/Data/Resources/UnitySubsystems
[Subsystems] Discovering subsystems at path D:/holbertonschool-unity/0x00-unity_ar_business_card/Assets
GfxDevice: creating device client; threaded=0
Direct3D:
    Version:  Direct3D 11.0 [level 11.1]
    Renderer: NVIDIA GeForce GTX 1050 (ID=0x1c91)
    Vendor:   
    VRAM:     2996 MB
    Driver:   27.21.14.6280
Initialize mono
Mono path[0] = 'C:/Program Files/Unity/Hub/Editor/2020.3.16f1/Editor/Data/Managed'
Mono path[1] = 'C:/Program Files/Unity/Hub/Editor/2020.3.16f1/Editor/Data/MonoBleedingEdge/lib/mono/unityjit'
Mono config path = 'C:/Program Files/Unity/Hub/Editor/2020.3.16f1/Editor/Data/MonoBleedingEdge/etc'
Using monoOptions --debugger-agent=transport=dt_socket,embedding=1,server=y,suspend=n,address=127.0.0.1:56624
Begin MonoManager ReloadAssembly
Registering precompiled unity dll's ...
Register platform support module: C:/Program Files/Unity/Hub/Editor/2020.3.16f1/Editor/Data/PlaybackEngines/WebGLSupport/UnityEditor.WebGL.Extensions.dll
Register platform support module: C:/Program Files/Unity/Hub/Editor/2020.3.16f1/Editor/Data/PlaybackEngines/MacStandaloneSupport/UnityEditor.OSXStandalone.Extensions.dll
Register platform support module: C:/Program Files/Unity/Hub/Editor/2020.3.16f1/Editor/Data/PlaybackEngines/WindowsStandaloneSupport/UnityEditor.WindowsStandalone.Extensions.dll
Register platform support module: C:/Program Files/Unity/Hub/Editor/2020.3.16f1/Editor/Data/PlaybackEngines/LinuxStandaloneSupport/UnityEditor.LinuxStandalone.Extensions.dll
Registered in 0.020583 seconds.
Native extension for LinuxStandalone target not found
Native extension for WindowsStandalone target not found
Native extension for OSXStandalone target not found
Native extension for WebGL target not found
Refreshing native plugins compatible for Editor in 169.82 ms, found 5 plugins.
Plugins: Failed to load 'D:/holbertonschool-unity/0x00-unity_ar_business_card/Library/PackageCache/com.ptc.vuforia.engine@d6eb8dfeec12-1632536113000/Vuforia/Plugins/Windows/x64/FileDriver.dll' because one or more of its dependencies could not be loaded.

Plugins: Failed to load 'D:/holbertonschool-unity/0x00-unity_ar_business_card/Library/PackageCache/com.ptc.vuforia.engine@d6eb8dfeec12-1632536113000/Vuforia/Plugins/Windows/x64/UnityDriver.dll' because one or more of its dependencies could not be loaded.

Preloading 2 native plugins for Editor in 8.62 ms.
Mono: successfully reloaded assembly
- Completed reload, in 15.498 seconds
Domain Reload Profiling:
	ReloadAssembly (15499ms)
		BeginReloadAssembly (325ms)
			ExecutionOrderSort (0ms)
			DisableScriptedObjects (0ms)
			BackupInstance (0ms)
			ReleaseScriptingObjects (0ms)
			CreateAndSetChildDomain (3ms)
		EndReloadAssembly (1923ms)
			LoadAssemblies (322ms)
			RebuildTransferFunctionScriptingTraits (3ms)
			SetupTypeCache (1130ms)
			ReleaseScriptCaches (0ms)
			RebuildScriptCaches (55ms)
			SetupLoadedEditorAssemblies (436ms)
				LogAssemblyErrors (0ms)
				InitializePlatformSupportModulesInManaged (13ms)
				SetLoadedEditorAssemblies (0ms)
				RefreshPlugins (179ms)
				BeforeProcessingInitializeOnLoad (20ms)
				ProcessInitializeOnLoadAttributes (149ms)
				ProcessInitializeOnLoadMethodAttributes (73ms)
				AfterProcessingInitializeOnLoad (0ms)
				EditorAssembliesLoaded (1ms)
			ExecutionOrderSort2 (0ms)
			AwakeInstancesAfterBackupRestoration (0ms)
Platform modules already initialized, skipping
Registering precompiled user dll's ...
Registered in 0.474597 seconds.
